#
# There is insufficient memory for the Java Runtime Environment to continue.
# Native memory allocation (malloc) failed to allocate 32744 bytes for ChunkPool::allocate
# Possible reasons:
#   The system is out of physical RAM or swap space
#   In 32 bit mode, the process size limit was hit
# Possible solutions:
#   Reduce memory load on the system
#   Increase physical memory or swap space
#   Check if swap backing store is full
#   Use 64 bit Java on a 64 bit OS
#   Decrease Java heap size (-Xmx/-Xms)
#   Decrease number of Java threads
#   Decrease Java thread stack sizes (-Xss)
#   Set larger code cache with -XX:ReservedCodeCacheSize=
# This output file may be truncated or incomplete.
#
#  Out of Memory Error (allocation.cpp:273), pid=4304, tid=0x0000000000001bac
#
# JRE version: OpenJDK Runtime Environment (8.0_152-b02) (build 1.8.0_152-release-1024-b02)
# Java VM: OpenJDK 64-Bit Server VM (25.152-b02 mixed mode windows-amd64 compressed oops)
# Failed to write core dump. Minidumps are not enabled by default on client versions of Windows
#

---------------  T H R E A D  ---------------

Current thread (0x000000001635e800):  JavaThread "C2 CompilerThread1" daemon [_thread_in_native, id=7084, stack(0x0000000017ac0000,0x0000000017bc0000)]

Stack: [0x0000000017ac0000,0x0000000017bc0000]
[error occurred during error reporting (printing stack bounds), id 0xc0000005]

Native frames: (J=compiled Java code, j=interpreted, Vv=VM code, C=native code)


Current CompileTask:
C2: 794603 15071       4       java.io.ObjectOutputStream::writeNonProxyDesc (109 bytes)


---------------  P R O C E S S  ---------------

Java Threads: ( => current thread )
  0x000000001dfcb800 JavaThread "Task worker for ':' Thread 3" [_thread_blocked, id=5472, stack(0x00000000307b0000,0x00000000308b0000)]
  0x000000001dfce800 JavaThread "Task worker for ':' Thread 2" [_thread_blocked, id=2632, stack(0x00000000306b0000,0x00000000307b0000)]
  0x000000001dfcb000 JavaThread "Task worker for ':'" [_thread_blocked, id=7008, stack(0x00000000305b0000,0x00000000306b0000)]
  0x000000001dfce000 JavaThread "Cache worker for Build Output Cleanup Cache (C:\Users\danie\Documents\GitHub\hackathon\.gradle\buildOutputCleanup)" [_thread_blocked, id=3212, stack(0x00000000304b0000,0x00000000305b0000)]
  0x000000001dfca000 JavaThread "Cache worker for task history cache (C:\Users\danie\Documents\GitHub\hackathon\.gradle\4.4\taskHistory)" [_thread_blocked, id=8856, stack(0x00000000303b0000,0x00000000304b0000)]
  0x000000001dfcd000 JavaThread "Cache worker for file content cache (C:\Users\danie\Documents\GitHub\hackathon\.gradle\4.4\fileContent)" [_thread_blocked, id=9036, stack(0x00000000302b0000,0x00000000303b0000)]
  0x000000001dfc2800 JavaThread "build operations Thread 4" [_thread_blocked, id=5364, stack(0x00000000301b0000,0x00000000302b0000)]
  0x000000001dfc9800 JavaThread "build operations Thread 3" [_thread_blocked, id=2068, stack(0x00000000300b0000,0x00000000301b0000)]
  0x000000001dfc3800 JavaThread "build operations Thread 2" [_thread_blocked, id=1008, stack(0x000000002ffb0000,0x00000000300b0000)]
  0x000000001dfc2000 JavaThread "build operations" [_thread_blocked, id=2084, stack(0x000000002feb0000,0x000000002ffb0000)]
  0x000000001dfc8800 JavaThread "Cache worker for Artifact transforms cache (C:\Users\danie\.gradle\caches\transforms-1)" [_thread_blocked, id=4844, stack(0x000000002fdb0000,0x000000002feb0000)]
  0x000000001dfc1000 JavaThread "Cache worker for file hash cache (C:\Users\danie\Documents\GitHub\hackathon\.gradle\4.4\fileHashes)" [_thread_blocked, id=4944, stack(0x000000002fcb0000,0x000000002fdb0000)]
  0x000000001dfc8000 JavaThread "Stdin handler" [_thread_blocked, id=9712, stack(0x000000002fbb0000,0x000000002fcb0000)]
  0x000000001dfc5800 JavaThread "Asynchronous log dispatcher for DefaultDaemonConnection: socket connection from /127.0.0.1:52426 to /127.0.0.1:52479" [_thread_blocked, id=5592, stack(0x000000002fab0000,0x000000002fbb0000)]
  0x000000001dfc5000 JavaThread "Daemon worker Thread 4" [_thread_blocked, id=7852, stack(0x000000002f9b0000,0x000000002fab0000)]
  0x000000001dfc4000 JavaThread "Cancel handler" [_thread_blocked, id=1680, stack(0x000000002f8b0000,0x000000002f9b0000)]
  0x000000001dfc0800 JavaThread "Handler for socket connection from /127.0.0.1:52426 to /127.0.0.1:52479" [_thread_in_native, id=8868, stack(0x000000002f7b0000,0x000000002f8b0000)]
  0x000000001dfc6800 JavaThread "Daemon Thread 4" [_thread_blocked, id=4432, stack(0x000000002f6b0000,0x000000002f7b0000)]
  0x0000000016368800 JavaThread "Java2D Disposer" daemon [_thread_blocked, id=5100, stack(0x00000000262b0000,0x00000000263b0000)]
  0x000000001c6d9800 JavaThread "Memory manager" [_thread_blocked, id=6408, stack(0x00000000208f0000,0x00000000209f0000)]
  0x00000000196c2800 JavaThread "File lock request listener" [_thread_in_native, id=9500, stack(0x000000001ae20000,0x000000001af20000)]
  0x0000000019507000 JavaThread "Cache worker for file hash cache (C:\Users\danie\.gradle\caches\4.4\fileHashes)" [_thread_blocked, id=2416, stack(0x000000001ad20000,0x000000001ae20000)]
  0x0000000019108800 JavaThread "Daemon periodic checks" [_thread_blocked, id=7496, stack(0x000000001a220000,0x000000001a320000)]
  0x0000000019127000 JavaThread "Incoming local TCP Connector on port 52426" [_thread_in_native, id=8124, stack(0x0000000019fd0000,0x000000001a0d0000)]
  0x0000000017cf0800 JavaThread "Service Thread" daemon [_thread_blocked, id=7408, stack(0x00000000180c0000,0x00000000181c0000)]
  0x000000001636d800 JavaThread "C1 CompilerThread2" daemon [_thread_blocked, id=6540, stack(0x0000000017bc0000,0x0000000017cc0000)]
=>0x000000001635e800 JavaThread "C2 CompilerThread1" daemon [_thread_in_native, id=7084, stack(0x0000000017ac0000,0x0000000017bc0000)]
  0x000000001635a000 JavaThread "C2 CompilerThread0" daemon [_thread_in_native, id=7772, stack(0x00000000179c0000,0x0000000017ac0000)]
  0x0000000016358800 JavaThread "Attach Listener" daemon [_thread_blocked, id=8828, stack(0x00000000178c0000,0x00000000179c0000)]
  0x0000000016358000 JavaThread "Signal Dispatcher" daemon [_thread_blocked, id=5628, stack(0x00000000177c0000,0x00000000178c0000)]
  0x00000000029ec000 JavaThread "Finalizer" daemon [_thread_blocked, id=7192, stack(0x00000000175b0000,0x00000000176b0000)]
  0x00000000029e1800 JavaThread "Reference Handler" daemon [_thread_blocked, id=4124, stack(0x00000000174b0000,0x00000000175b0000)]
  0x00000000026fe000 JavaThread "main" [_thread_blocked, id=2920, stack(0x00000000027f0000,0x00000000028f0000)]

Other Threads:
  0x0000000016326800 VMThread [stack: 0x00000000173b0000,0x00000000174b0000] [id=9560]
  0x0000000017cf2000 WatcherThread [stack: 0x00000000181c0000,0x00000000182c0000] [id=3608]

VM state:not at safepoint (normal execution)

VM Mutex/Monitor currently owned by a thread: None

Heap:
 PSYoungGen      total 222720K, used 82528K [0x00000000e0000000, 0x00000000f3a80000, 0x0000000100000000)
  eden space 195072K, 32% used [0x00000000e0000000,0x00000000e3d13e00,0x00000000ebe80000)
  from space 27648K, 72% used [0x00000000ebe80000,0x00000000ed2045a8,0x00000000ed980000)
  to   space 29184K, 0% used [0x00000000f1e00000,0x00000000f1e00000,0x00000000f3a80000)
 ParOldGen       total 95744K, used 30728K [0x00000000a0000000, 0x00000000a5d80000, 0x00000000e0000000)
  object space 95744K, 32% used [0x00000000a0000000,0x00000000a1e020f8,0x00000000a5d80000)
 Metaspace       used 80377K, capacity 84233K, committed 84392K, reserved 1122304K
  class space    used 10437K, capacity 11160K, committed 11184K, reserved 1048576K

Card table byte_map: [0x0000000011db0000,0x00000000120c0000] byte_map_base: 0x00000000118b0000

Marking Bits: (ParMarkBitMap*) 0x0000000053024970
 Begin Bits: [0x00000000126c0000, 0x0000000013ec0000)
 End Bits:   [0x0000000013ec0000, 0x00000000156c0000)

Polling page: 0x00000000007e0000

CodeCache: size=245760Kb used=40562Kb max_used=40562Kb free=205197Kb
 bounds [0x00000000029f0000, 0x00000000051c0000, 0x00000000119f0000]
 total_blobs=13281 nmethods=12330 adapters=860
 compilation: enabled

Compilation events (10 events):
Event: 794.384 Thread 0x000000001636d800 15075       1       org.gradle.api.internal.ExperimentalFeatures::isEnabled (5 bytes)
Event: 794.384 Thread 0x000000001636d800 nmethod 15075 0x00000000051a0990 code [0x00000000051a0ae0, 0x00000000051a0bf0]
Event: 794.385 Thread 0x000000001636d800 15076       3       org.gradle.api.internal.artifacts.ivyservice.ivyresolve.memcache.CachedModuleVersionResult::supply (85 bytes)
Event: 794.387 Thread 0x000000001636d800 nmethod 15076 0x00000000051a2390 code [0x00000000051a2560, 0x00000000051a2d50]
Event: 794.388 Thread 0x000000001636d800 15077       3       org.gradle.internal.component.external.model.DefaultConfigurationMetadata::artifact (6 bytes)
Event: 794.389 Thread 0x000000001636d800 nmethod 15077 0x0000000005197190 code [0x0000000005197320, 0x0000000005197810]
Event: 794.389 Thread 0x000000001636d800 15078       3       org.gradle.internal.component.external.model.DefaultConfigurationMetadata::artifact (13 bytes)
Event: 794.390 Thread 0x000000001636d800 nmethod 15078 0x00000000051969d0 code [0x0000000005196b60, 0x0000000005196f70]
Event: 794.390 Thread 0x000000001636d800 15079       3       org.gradle.internal.resolve.resolver.DefaultArtifactSelector::resolveArtifacts (53 bytes)
Event: 794.391 Thread 0x000000001636d800 nmethod 15079 0x00000000051a4d10 code [0x00000000051a4f00, 0x00000000051a5848]

GC Heap History (10 events):
Event: 475.313 GC heap before
{Heap before GC invocations=18 (full 3):
 PSYoungGen      total 179712K, used 175869K [0x00000000e0000000, 0x00000000ec700000, 0x0000000100000000)
  eden space 162304K, 100% used [0x00000000e0000000,0x00000000e9e80000,0x00000000e9e80000)
  from space 17408K, 77% used [0x00000000eb100000,0x00000000ebe3f6e8,0x00000000ec200000)
  to   space 18944K, 0% used [0x00000000e9e80000,0x00000000e9e80000,0x00000000eb100000)
 ParOldGen       total 95744K, used 28125K [0x00000000a0000000, 0x00000000a5d80000, 0x00000000e0000000)
  object space 95744K, 29% used [0x00000000a0000000,0x00000000a1b775c8,0x00000000a5d80000)
 Metaspace       used 62421K, capacity 64489K, committed 64680K, reserved 1105920K
  class space    used 8110K, capacity 8584K, committed 8624K, reserved 1048576K
Event: 475.332 GC heap after
Heap after GC invocations=18 (full 3):
 PSYoungGen      total 181248K, used 10894K [0x00000000e0000000, 0x00000000ed680000, 0x0000000100000000)
  eden space 162304K, 0% used [0x00000000e0000000,0x00000000e0000000,0x00000000e9e80000)
  from space 18944K, 57% used [0x00000000e9e80000,0x00000000ea923978,0x00000000eb100000)
  to   space 18432K, 0% used [0x00000000ec480000,0x00000000ec480000,0x00000000ed680000)
 ParOldGen       total 95744K, used 28133K [0x00000000a0000000, 0x00000000a5d80000, 0x00000000e0000000)
  object space 95744K, 29% used [0x00000000a0000000,0x00000000a1b795c8,0x00000000a5d80000)
 Metaspace       used 62421K, capacity 64489K, committed 64680K, reserved 1105920K
  class space    used 8110K, capacity 8584K, committed 8624K, reserved 1048576K
}
Event: 485.998 GC heap before
{Heap before GC invocations=19 (full 3):
 PSYoungGen      total 181248K, used 172697K [0x00000000e0000000, 0x00000000ed680000, 0x0000000100000000)
  eden space 162304K, 99% used [0x00000000e0000000,0x00000000e9e02ce8,0x00000000e9e80000)
  from space 18944K, 57% used [0x00000000e9e80000,0x00000000ea923978,0x00000000eb100000)
  to   space 18432K, 0% used [0x00000000ec480000,0x00000000ec480000,0x00000000ed680000)
 ParOldGen       total 95744K, used 28133K [0x00000000a0000000, 0x00000000a5d80000, 0x00000000e0000000)
  object space 95744K, 29% used [0x00000000a0000000,0x00000000a1b795c8,0x00000000a5d80000)
 Metaspace       used 68661K, capacity 70943K, committed 71080K, reserved 1112064K
  class space    used 8835K, capacity 9351K, committed 9392K, reserved 1048576K
Event: 486.035 GC heap after
Heap after GC invocations=19 (full 3):
 PSYoungGen      total 198656K, used 17778K [0x00000000e0000000, 0x00000000edc80000, 0x0000000100000000)
  eden space 180224K, 0% used [0x00000000e0000000,0x00000000e0000000,0x00000000eb000000)
  from space 18432K, 96% used [0x00000000ec480000,0x00000000ed5dcba0,0x00000000ed680000)
  to   space 20992K, 0% used [0x00000000eb000000,0x00000000eb000000,0x00000000ec480000)
 ParOldGen       total 95744K, used 28149K [0x00000000a0000000, 0x00000000a5d80000, 0x00000000e0000000)
  object space 95744K, 29% used [0x00000000a0000000,0x00000000a1b7d5c8,0x00000000a5d80000)
 Metaspace       used 68661K, capacity 70943K, committed 71080K, reserved 1112064K
  class space    used 8835K, capacity 9351K, committed 9392K, reserved 1048576K
}
Event: 492.391 GC heap before
{Heap before GC invocations=20 (full 3):
 PSYoungGen      total 198656K, used 198002K [0x00000000e0000000, 0x00000000edc80000, 0x0000000100000000)
  eden space 180224K, 100% used [0x00000000e0000000,0x00000000eb000000,0x00000000eb000000)
  from space 18432K, 96% used [0x00000000ec480000,0x00000000ed5dcba0,0x00000000ed680000)
  to   space 20992K, 0% used [0x00000000eb000000,0x00000000eb000000,0x00000000ec480000)
 ParOldGen       total 95744K, used 28149K [0x00000000a0000000, 0x00000000a5d80000, 0x00000000e0000000)
  object space 95744K, 29% used [0x00000000a0000000,0x00000000a1b7d5c8,0x00000000a5d80000)
 Metaspace       used 70729K, capacity 73249K, committed 73512K, reserved 1114112K
  class space    used 9106K, capacity 9652K, committed 9776K, reserved 1048576K
Event: 492.432 GC heap after
Heap after GC invocations=20 (full 3):
 PSYoungGen      total 201216K, used 19462K [0x00000000e0000000, 0x00000000ef080000, 0x0000000100000000)
  eden space 180224K, 0% used [0x00000000e0000000,0x00000000e0000000,0x00000000eb000000)
  from space 20992K, 92% used [0x00000000eb000000,0x00000000ec301988,0x00000000ec480000)
  to   space 23552K, 0% used [0x00000000ed980000,0x00000000ed980000,0x00000000ef080000)
 ParOldGen       total 95744K, used 28157K [0x00000000a0000000, 0x00000000a5d80000, 0x00000000e0000000)
  object space 95744K, 29% used [0x00000000a0000000,0x00000000a1b7f5c8,0x00000000a5d80000)
 Metaspace       used 70729K, capacity 73249K, committed 73512K, reserved 1114112K
  class space    used 9106K, capacity 9652K, committed 9776K, reserved 1048576K
}
Event: 518.846 GC heap before
{Heap before GC invocations=21 (full 3):
 PSYoungGen      total 201216K, used 199686K [0x00000000e0000000, 0x00000000ef080000, 0x0000000100000000)
  eden space 180224K, 100% used [0x00000000e0000000,0x00000000eb000000,0x00000000eb000000)
  from space 20992K, 92% used [0x00000000eb000000,0x00000000ec301988,0x00000000ec480000)
  to   space 23552K, 0% used [0x00000000ed980000,0x00000000ed980000,0x00000000ef080000)
 ParOldGen       total 95744K, used 28157K [0x00000000a0000000, 0x00000000a5d80000, 0x00000000e0000000)
  object space 95744K, 29% used [0x00000000a0000000,0x00000000a1b7f5c8,0x00000000a5d80000)
 Metaspace       used 79133K, capacity 82963K, committed 83240K, reserved 1122304K
  class space    used 10258K, capacity 11007K, committed 11056K, reserved 1048576K
Event: 518.889 GC heap after
Heap after GC invocations=21 (full 3):
 PSYoungGen      total 218624K, used 23530K [0x00000000e0000000, 0x00000000ef680000, 0x0000000100000000)
  eden space 195072K, 0% used [0x00000000e0000000,0x00000000e0000000,0x00000000ebe80000)
  from space 23552K, 99% used [0x00000000ed980000,0x00000000ef07abc8,0x00000000ef080000)
  to   space 27648K, 0% used [0x00000000ebe80000,0x00000000ebe80000,0x00000000ed980000)
 ParOldGen       total 95744K, used 30720K [0x00000000a0000000, 0x00000000a5d80000, 0x00000000e0000000)
  object space 95744K, 32% used [0x00000000a0000000,0x00000000a1e000f8,0x00000000a5d80000)
 Metaspace       used 79133K, capacity 82963K, committed 83240K, reserved 1122304K
  class space    used 10258K, capacity 11007K, committed 11056K, reserved 1048576K
}
Event: 518.955 GC heap before
{Heap before GC invocations=22 (full 3):
 PSYoungGen      total 218624K, used 218566K [0x00000000e0000000, 0x00000000ef680000, 0x0000000100000000)
  eden space 195072K, 99% used [0x00000000e0000000,0x00000000ebe76e60,0x00000000ebe80000)
  from space 23552K, 99% used [0x00000000ed980000,0x00000000ef07abc8,0x00000000ef080000)
  to   space 27648K, 0% used [0x00000000ebe80000,0x00000000ebe80000,0x00000000ed980000)
 ParOldGen       total 95744K, used 30720K [0x00000000a0000000, 0x00000000a5d80000, 0x00000000e0000000)
  object space 95744K, 32% used [0x00000000a0000000,0x00000000a1e000f8,0x00000000a5d80000)
 Metaspace       used 79143K, capacity 82963K, committed 83240K, reserved 1122304K
  class space    used 10258K, capacity 11007K, committed 11056K, reserved 1048576K
Event: 518.983 GC heap after
Heap after GC invocations=22 (full 3):
 PSYoungGen      total 222720K, used 19985K [0x00000000e0000000, 0x00000000f3a80000, 0x0000000100000000)
  eden space 195072K, 0% used [0x00000000e0000000,0x00000000e0000000,0x00000000ebe80000)
  from space 27648K, 72% used [0x00000000ebe80000,0x00000000ed2045a8,0x00000000ed980000)
  to   space 29184K, 0% used [0x00000000f1e00000,0x00000000f1e00000,0x00000000f3a80000)
 ParOldGen       total 95744K, used 30728K [0x00000000a0000000, 0x00000000a5d80000, 0x00000000e0000000)
  object space 95744K, 32% used [0x00000000a0000000,0x00000000a1e020f8,0x00000000a5d80000)
 Metaspace       used 79143K, capacity 82963K, committed 83240K, reserved 1122304K
  class space    used 10258K, capacity 11007K, committed 11056K, reserved 1048576K
}

Deoptimization events (10 events):
Event: 519.947 Thread 0x000000001dfc4000 Uncommon trap: reason=bimorphic action=maybe_recompile pc=0x000000000467774c method=com.google.common.cache.LocalCache$Segment.setValue(Lcom/google/common/cache/LocalCache$ReferenceEntry;Ljava/lang/Object;Ljava/lang/Object;J)V @ 76
Event: 519.947 Thread 0x000000001dfc4000 Uncommon trap: reason=bimorphic action=maybe_recompile pc=0x000000000467774c method=com.google.common.cache.LocalCache$Segment.setValue(Lcom/google/common/cache/LocalCache$ReferenceEntry;Ljava/lang/Object;Ljava/lang/Object;J)V @ 76
Event: 519.947 Thread 0x000000001dfc4000 Uncommon trap: reason=bimorphic action=maybe_recompile pc=0x000000000467774c method=com.google.common.cache.LocalCache$Segment.setValue(Lcom/google/common/cache/LocalCache$ReferenceEntry;Ljava/lang/Object;Ljava/lang/Object;J)V @ 76
Event: 519.963 Thread 0x000000001dfc4000 Uncommon trap: reason=unstable_if action=reinterpret pc=0x00000000050572c4 method=java.io.ObjectOutputStream$ReplaceTable.lookup(Ljava/lang/Object;)Ljava/lang/Object; @ 10
Event: 791.795 Thread 0x000000001dfc5000 Uncommon trap: reason=array_check action=maybe_recompile pc=0x000000000468e774 method=com.google.common.collect.ImmutableSet.construct(I[Ljava/lang/Object;)Lcom/google/common/collect/ImmutableSet; @ 122
Event: 791.796 Thread 0x000000001dfc5000 Uncommon trap: reason=array_check action=maybe_recompile pc=0x000000000468e774 method=com.google.common.collect.ImmutableSet.construct(I[Ljava/lang/Object;)Lcom/google/common/collect/ImmutableSet; @ 122
Event: 791.796 Thread 0x000000001dfc5000 Uncommon trap: reason=array_check action=maybe_recompile pc=0x000000000468e774 method=com.google.common.collect.ImmutableSet.construct(I[Ljava/lang/Object;)Lcom/google/common/collect/ImmutableSet; @ 122
Event: 791.796 Thread 0x000000001dfc5000 Uncommon trap: reason=array_check action=maybe_recompile pc=0x000000000468e774 method=com.google.common.collect.ImmutableSet.construct(I[Ljava/lang/Object;)Lcom/google/common/collect/ImmutableSet; @ 122
Event: 792.585 Thread 0x000000001dfc5000 Uncommon trap: reason=unstable_if action=reinterpret pc=0x000000000464a030 method=com.google.common.collect.ImmutableMap$Builder.ensureCapacity(I)V @ 6
Event: 792.705 Thread 0x000000001dfc5000 Uncommon trap: reason=unstable_if action=reinterpret pc=0x000000000419b2ec method=com.google.common.base.CharMatcher$IsEither.matches(C)Z @ 5

Classes redefined (0 events):
No events

Internal exceptions (10 events):
Event: 501.140 Thread 0x000000001ef0f800 Exception <a 'sun/nio/fs/WindowsException'> (0x00000000e5dc4ff0) thrown at [D:\src\AOSP-openjdk-cygwin\jdk8u\hotspot\src\share\vm\prims\jni.cpp, line 709]
Event: 520.204 Thread 0x000000001dfc0800 Exception <a 'java/lang/NoSuchMethodError': <clinit>> (0x00000000e1915ad8) thrown at [D:\src\AOSP-openjdk-cygwin\jdk8u\hotspot\src\share\vm\prims\jni.cpp, line 1613]
Event: 520.204 Thread 0x000000001dfc0800 Exception <a 'java/lang/NoSuchMethodError': <clinit>> (0x00000000e1916e08) thrown at [D:\src\AOSP-openjdk-cygwin\jdk8u\hotspot\src\share\vm\prims\jni.cpp, line 1613]
Event: 520.205 Thread 0x000000001dfc0800 Exception <a 'java/lang/NoSuchMethodError': <clinit>> (0x00000000e1920ef0) thrown at [D:\src\AOSP-openjdk-cygwin\jdk8u\hotspot\src\share\vm\prims\jni.cpp, line 1613]
Event: 520.206 Thread 0x000000001dfc0800 Exception <a 'java/lang/NoSuchMethodError': <clinit>> (0x00000000e192d538) thrown at [D:\src\AOSP-openjdk-cygwin\jdk8u\hotspot\src\share\vm\prims\jni.cpp, line 1613]
Event: 520.206 Thread 0x000000001dfc0800 Exception <a 'java/lang/NoSuchMethodError': <clinit>> (0x00000000e1937ea0) thrown at [D:\src\AOSP-openjdk-cygwin\jdk8u\hotspot\src\share\vm\prims\jni.cpp, line 1613]
Event: 520.208 Thread 0x000000001dfc0800 Exception <a 'java/lang/NoSuchMethodError': <clinit>> (0x00000000e19416f8) thrown at [D:\src\AOSP-openjdk-cygwin\jdk8u\hotspot\src\share\vm\prims\jni.cpp, line 1613]
Event: 520.213 Thread 0x000000001dfc0800 Exception <a 'java/lang/NoSuchMethodError': <clinit>> (0x00000000e195a080) thrown at [D:\src\AOSP-openjdk-cygwin\jdk8u\hotspot\src\share\vm\prims\jni.cpp, line 1613]
Event: 520.215 Thread 0x000000001dfc0800 Exception <a 'java/lang/NoSuchMethodError': <clinit>> (0x00000000e196a438) thrown at [D:\src\AOSP-openjdk-cygwin\jdk8u\hotspot\src\share\vm\prims\jni.cpp, line 1613]
Event: 792.597 Thread 0x000000001dfc5000 Exception <a 'sun/nio/fs/WindowsException'> (0x00000000e27df338) thrown at [D:\src\AOSP-openjdk-cygwin\jdk8u\hotspot\src\share\vm\prims\jni.cpp, line 709]

Events (10 events):
Event: 792.926 Executing VM operation: RevokeBias
Event: 792.927 Executing VM operation: RevokeBias done
Event: 792.927 Executing VM operation: RevokeBias
Event: 792.927 Executing VM operation: RevokeBias done
Event: 792.986 Executing VM operation: RevokeBias
Event: 792.986 Executing VM operation: RevokeBias done
Event: 793.384 Executing VM operation: RevokeBias
Event: 793.385 Executing VM operation: RevokeBias done
Event: 794.153 loading class sun/nio/cs/UTF_8$1
Event: 794.167 loading class sun/nio/cs/UTF_8$1 done


Dynamic libraries:
0x00007ff673b60000 - 0x00007ff673b91000 	C:\Program Files\Android\Android Studio\jre\bin\java.exe
0x00007ffadce30000 - 0x00007ffadd011000 	C:\WINDOWS\SYSTEM32\ntdll.dll
0x00007ffadbc70000 - 0x00007ffadbd22000 	C:\WINDOWS\System32\KERNEL32.DLL
0x00007ffad9200000 - 0x00007ffad9473000 	C:\WINDOWS\System32\KERNELBASE.dll
0x00007ffadc110000 - 0x00007ffadc1b1000 	C:\WINDOWS\System32\ADVAPI32.dll
0x00007ffadc5d0000 - 0x00007ffadc66e000 	C:\WINDOWS\System32\msvcrt.dll
0x00007ffadc850000 - 0x00007ffadc8ab000 	C:\WINDOWS\System32\sechost.dll
0x00007ffadbf10000 - 0x00007ffadc034000 	C:\WINDOWS\System32\RPCRT4.dll
0x00007ffada2c0000 - 0x00007ffada450000 	C:\WINDOWS\System32\USER32.dll
0x00007ffad96f0000 - 0x00007ffad9710000 	C:\WINDOWS\System32\win32u.dll
0x00007ffadc8c0000 - 0x00007ffadc8e8000 	C:\WINDOWS\System32\GDI32.dll
0x00007ffad9480000 - 0x00007ffad9612000 	C:\WINDOWS\System32\gdi32full.dll
0x00007ffad98c0000 - 0x00007ffad995f000 	C:\WINDOWS\System32\msvcp_win.dll
0x00007ffad97c0000 - 0x00007ffad98ba000 	C:\WINDOWS\System32\ucrtbase.dll
0x00007ffac9ad0000 - 0x00007ffac9d39000 	C:\WINDOWS\WinSxS\amd64_microsoft.windows.common-controls_6595b64144ccf1df_6.0.17134.112_none_fb3f961b30681c12\COMCTL32.dll
0x00007ffadc220000 - 0x00007ffadc543000 	C:\WINDOWS\System32\combase.dll
0x00007ffad9670000 - 0x00007ffad96ea000 	C:\WINDOWS\System32\bcryptPrimitives.dll
0x00007ffadc970000 - 0x00007ffadc99d000 	C:\WINDOWS\System32\IMM32.DLL
0x0000000053630000 - 0x0000000053702000 	C:\Program Files\Android\Android Studio\jre\jre\bin\msvcr100.dll
0x0000000052860000 - 0x000000005309f000 	C:\Program Files\Android\Android Studio\jre\jre\bin\server\jvm.dll
0x00007ffadc960000 - 0x00007ffadc968000 	C:\WINDOWS\System32\PSAPI.DLL
0x00007ffad2820000 - 0x00007ffad282a000 	C:\WINDOWS\SYSTEM32\VERSION.dll
0x00007ffad7160000 - 0x00007ffad7183000 	C:\WINDOWS\SYSTEM32\WINMM.dll
0x00007ffad5d20000 - 0x00007ffad5d29000 	C:\WINDOWS\SYSTEM32\WSOCK32.dll
0x00007ffad7130000 - 0x00007ffad715a000 	C:\WINDOWS\SYSTEM32\winmmbase.dll
0x00007ffadc8f0000 - 0x00007ffadc95c000 	C:\WINDOWS\System32\WS2_32.dll
0x00007ffad9620000 - 0x00007ffad9669000 	C:\WINDOWS\System32\cfgmgr32.dll
0x00007ffad4ff0000 - 0x00007ffad4fff000 	C:\Program Files\Android\Android Studio\jre\jre\bin\verify.dll
0x00007ffacf200000 - 0x00007ffacf229000 	C:\Program Files\Android\Android Studio\jre\jre\bin\java.dll
0x00007ffacd080000 - 0x00007ffacd096000 	C:\Program Files\Android\Android Studio\jre\jre\bin\zip.dll
0x00007ffada450000 - 0x00007ffadb890000 	C:\WINDOWS\System32\SHELL32.dll
0x00007ffadbbc0000 - 0x00007ffadbc69000 	C:\WINDOWS\System32\shcore.dll
0x00007ffad9960000 - 0x00007ffada06d000 	C:\WINDOWS\System32\windows.storage.dll
0x00007ffadc7f0000 - 0x00007ffadc841000 	C:\WINDOWS\System32\shlwapi.dll
0x00007ffad9150000 - 0x00007ffad9161000 	C:\WINDOWS\System32\kernel.appcore.dll
0x00007ffad91e0000 - 0x00007ffad91ff000 	C:\WINDOWS\System32\profapi.dll
0x00007ffad9190000 - 0x00007ffad91dc000 	C:\WINDOWS\System32\powrprof.dll
0x00007ffad9140000 - 0x00007ffad914a000 	C:\WINDOWS\System32\FLTLIB.DLL
0x00007ffac5220000 - 0x00007ffac523a000 	C:\Program Files\Android\Android Studio\jre\jre\bin\net.dll
0x00007ffad89c0000 - 0x00007ffad8a26000 	C:\WINDOWS\system32\mswsock.dll
0x00007ffac5040000 - 0x00007ffac5051000 	C:\Program Files\Android\Android Studio\jre\jre\bin\nio.dll
0x00007ffabec60000 - 0x00007ffabec7e000 	C:\Users\danie\.gradle\native\25\windows-amd64\native-platform.dll
0x00007ffad1ff0000 - 0x00007ffad1ffd000 	C:\Program Files\Android\Android Studio\jre\jre\bin\management.dll
0x00007ffad8b70000 - 0x00007ffad8b87000 	C:\WINDOWS\SYSTEM32\CRYPTSP.dll
0x00007ffad85a0000 - 0x00007ffad85d3000 	C:\WINDOWS\system32\rsaenh.dll
0x00007ffad8ca0000 - 0x00007ffad8cc5000 	C:\WINDOWS\SYSTEM32\bcrypt.dll
0x00007ffad9070000 - 0x00007ffad9098000 	C:\WINDOWS\SYSTEM32\USERENV.dll
0x00007ffad8b90000 - 0x00007ffad8b9b000 	C:\WINDOWS\SYSTEM32\CRYPTBASE.dll
0x00007ffad8740000 - 0x00007ffad8778000 	C:\WINDOWS\SYSTEM32\IPHLPAPI.DLL
0x00007ffadc8b0000 - 0x00007ffadc8b8000 	C:\WINDOWS\System32\NSI.dll
0x00007ffad2540000 - 0x00007ffad2556000 	C:\WINDOWS\SYSTEM32\dhcpcsvc6.DLL
0x00007ffad2360000 - 0x00007ffad237a000 	C:\WINDOWS\SYSTEM32\dhcpcsvc.DLL
0x00007ffabe8c0000 - 0x00007ffabea56000 	C:\Program Files\Android\Android Studio\jre\jre\bin\awt.dll
0x00007ffadc040000 - 0x00007ffadc102000 	C:\WINDOWS\System32\OLEAUT32.dll
0x00007ffad5160000 - 0x00007ffad5727000 	C:\WINDOWS\SYSTEM32\d2d1.dll
0x00007ffad72f0000 - 0x00007ffad737b000 	C:\WINDOWS\SYSTEM32\apphelp.dll
0x00007ffad7c00000 - 0x00007ffad7c29000 	C:\WINDOWS\system32\DWMAPI.DLL
0x00007ffad7620000 - 0x00007ffad76b8000 	C:\WINDOWS\system32\uxtheme.dll

VM Arguments:
jvm_args: -Xmx1536m -Dfile.encoding=windows-1250 -Duser.country=PL -Duser.language=pl -Duser.variant 
java_command: org.gradle.launcher.daemon.bootstrap.GradleDaemon 4.4
java_class_path (initial): C:\Users\danie\.gradle\wrapper\dists\gradle-4.4-all\9br9xq1tocpiv8o6njlyu5op1\gradle-4.4\lib\gradle-launcher-4.4.jar
Launcher Type: SUN_STANDARD

Environment Variables:
PATH=C:\Program Files (x86)\Common Files\Oracle\Java\javapath;C:\ProgramData\Oracle\Java\javapath;C:\Program Files (x86)\Intel\iCLS Client\;C:\Program Files\Intel\iCLS Client\;C:\WINDOWS\system32;C:\WINDOWS;C:\WINDOWS\System32\Wbem;C:\WINDOWS\System32\WindowsPowerShell\v1.0\;C:\Program Files\Intel\Intel(R) Management Engine Components\DAL;C:\Program Files\Intel\Intel(R) Management Engine Components\IPT;C:\Program Files (x86)\Intel\Intel(R) Management Engine Components\DAL;C:\Program Files (x86)\Intel\Intel(R) Management Engine Components\IPT;C:\Program Files\Intel\WiFi\bin\;C:\Program Files\Common Files\Intel\WirelessCommon\;C:\Program Files\Git\cmd;C:\WINDOWS\System32\OpenSSH\;C:\Users\danie\AppData\Local\Microsoft\WindowsApps;C:\Users\danie\AppData\Local\atom\bin;%USERPROFILE%\AppData\Local\Microsoft\WindowsApps
USERNAME=danie
OS=Windows_NT
PROCESSOR_IDENTIFIER=Intel64 Family 6 Model 69 Stepping 1, GenuineIntel



---------------  S Y S T E M  ---------------

OS: Windows 10.0 , 64 bit Build 17134 (10.0.17134.1)

CPU:total 4 (initial active 4) (2 cores per cpu, 2 threads per core) family 6 model 69 stepping 1, cmov, cx8, fxsr, mmx, sse, sse2, sse3, ssse3, sse4.1, sse4.2, popcnt, avx, avx2, aes, clmul, erms, lzcnt, ht, tsc, tscinvbit, bmi1, bmi2

Memory: 4k page, physical 4118704k(397676k free), swap 6215856k(7476k free)

vm_info: OpenJDK 64-Bit Server VM (25.152-b02) for windows-amd64 JRE (1.8.0_152-release-1024-b02), built by "builder" with MS VC++ 10.0 (VS2010)

time: Fri Jun 15 11:57:07 2018
elapsed time: 794 seconds (0d 0h 13m 14s)

